<?xml version="1.0" encoding="UTF-8"?>
<!-- Generated by org.testng.reporters.JUnitReportReporter -->
<testsuite skipped="0" hostname="aa017" name="com.selenium.testng.TestAddByTesting" tests="2" failures="0" timestamp="22 七月 2018 06:14:58 GMT" time="0.007" errors="0">
  <testcase name="test1" time="0.001" classname="com.selenium.testng.TestAddByTesting"/>
  <testcase name="test" time="0.006" classname="com.selenium.testng.TestAddByTesting"/>
</testsuite> <!-- com.selenium.testng.TestAddByTesting -->
