<?xml version="1.0" encoding="UTF-8"?>
<!-- Generated by org.testng.reporters.JUnitReportReporter -->
<testsuite skipped="0" hostname="aa017" name="com.selenium.testng.TestRunManyTime" tests="5" failures="0" timestamp="22 七月 2018 07:34:08 GMT" time="25.016" errors="0">
  <testcase name="f" time="5.009" classname="com.selenium.testng.TestRunManyTime"/>
  <testcase name="f" time="5.002" classname="com.selenium.testng.TestRunManyTime"/>
  <testcase name="f" time="5.002" classname="com.selenium.testng.TestRunManyTime"/>
  <testcase name="f" time="5.002" classname="com.selenium.testng.TestRunManyTime"/>
  <testcase name="f" time="5.001" classname="com.selenium.testng.TestRunManyTime"/>
</testsuite> <!-- com.selenium.testng.TestRunManyTime -->
